<?xml version="1.0" encoding="UTF-8"?>
<!-- Generated by org.testng.reporters.JUnitReportReporter -->
<testsuite hostname="Taufiks-MBP.domain.name" failures="0" tests="4" name="bukalapak.pretest.WebTest" time="123.156" errors="0" timestamp="2021-08-30T16:15:31 WIB" skipped="0">
  <testcase classname="bukalapak.pretest.WebTest" name="test001" time="33.913"/>
  <system-out/>
  <testcase classname="bukalapak.pretest.WebTest" name="test002" time="18.787"/>
  <system-out/>
  <testcase classname="bukalapak.pretest.WebTest" name="test003" time="22.564"/>
  <system-out/>
  <testcase classname="bukalapak.pretest.WebTest" name="test004" time="47.892"/>
  <system-out/>
</testsuite> <!-- bukalapak.pretest.WebTest -->
