<?xml version="1.0" encoding="UTF-8"?>
<!-- Generated by org.testng.reporters.JUnitReportReporter -->
<testsuite hostname="Taufiks-MBP.domain.name" failures="0" tests="4" name="bukalapak.pretest.AppTest" time="236.301" errors="0" timestamp="2021-08-29T20:38:36 WIB" skipped="0">
  <testcase classname="bukalapak.pretest.AppTest" name="test001" time="48.494"/>
  <system-out/>
  <testcase classname="bukalapak.pretest.AppTest" name="test002" time="56.165"/>
  <system-out/>
  <testcase classname="bukalapak.pretest.AppTest" name="test004" time="43.934"/>
  <system-out/>
  <testcase classname="bukalapak.pretest.AppTest" name="test003" time="87.708"/>
  <system-out/>
</testsuite> <!-- bukalapak.pretest.AppTest -->
